<?xml version="1.0" encoding="UTF-8"?>
<robot generator="Robot 5.0.1 (Python 3.10.4 on win32)" generated="20230308 06:01:08.480" rpa="false" schemaversion="3">
<suite id="s1" name="Tc02 Uploadtodecoder" source="c:\Calon D\qerja\2023\Technical Test\INCIT git assignment\incitassignment_2023-03\tc files\tc02_uploadtodecoder.robot">
<test id="s1-t1" name="TC02.01_ValidatingFile" line="20">
<kw name="File Should Exist" library="OperatingSystem">
<arg>${qrImgPath}</arg>
<doc>Fails unless the given ``path`` points to an existing file.</doc>
<msg timestamp="20230308 06:01:08.717" level="INFO" html="true">File '&lt;a href="file://C:\Calon D\qerja\2023\Technical Test\INCIT git assignment\incitassignment_2023-03\Downloads\qr_img_1.png"&gt;C:\Calon D\qerja\2023\Technical Test\INCIT git assignment\incitassignment_2023-03\Downloads\qr_img_1.png&lt;/a&gt;' exists.</msg>
<status status="PASS" starttime="20230308 06:01:08.716" endtime="20230308 06:01:08.718"/>
</kw>
<kw name="File Should Exist" library="OperatingSystem">
<arg>${qrTxtPath}</arg>
<doc>Fails unless the given ``path`` points to an existing file.</doc>
<msg timestamp="20230308 06:01:08.719" level="INFO" html="true">File '&lt;a href="file://C:\Calon D\qerja\2023\Technical Test\INCIT git assignment\incitassignment_2023-03\Downloads\qr_text.txt"&gt;C:\Calon D\qerja\2023\Technical Test\INCIT git assignment\incitassignment_2023-03\Downloads\qr_text.txt&lt;/a&gt;' exists.</msg>
<status status="PASS" starttime="20230308 06:01:08.719" endtime="20230308 06:01:08.720"/>
</kw>
<kw name="File Should Not Be Empty" library="OperatingSystem">
<arg>${qrImgPath}</arg>
<doc>Fails if the specified file is empty.</doc>
<msg timestamp="20230308 06:01:08.721" level="INFO" html="true">File '&lt;a href="file://C:\Calon D\qerja\2023\Technical Test\INCIT git assignment\incitassignment_2023-03\Downloads\qr_img_1.png"&gt;C:\Calon D\qerja\2023\Technical Test\INCIT git assignment\incitassignment_2023-03\Downloads\qr_img_1.png&lt;/a&gt;' contains 900 bytes.</msg>
<status status="PASS" starttime="20230308 06:01:08.720" endtime="20230308 06:01:08.721"/>
</kw>
<kw name="File Should Not Be Empty" library="OperatingSystem">
<arg>${qrTxtPath}</arg>
<doc>Fails if the specified file is empty.</doc>
<msg timestamp="20230308 06:01:08.723" level="INFO" html="true">File '&lt;a href="file://C:\Calon D\qerja\2023\Technical Test\INCIT git assignment\incitassignment_2023-03\Downloads\qr_text.txt"&gt;C:\Calon D\qerja\2023\Technical Test\INCIT git assignment\incitassignment_2023-03\Downloads\qr_text.txt&lt;/a&gt;' contains 168 bytes.</msg>
<status status="PASS" starttime="20230308 06:01:08.722" endtime="20230308 06:01:08.723"/>
</kw>
<status status="PASS" starttime="20230308 06:01:08.715" endtime="20230308 06:01:08.724"/>
</test>
<test id="s1-t2" name="TC02.02_SettingUpBrowser" line="26">
<kw name="Open Browser" library="SeleniumLibrary">
<arg>https://m28dev.github.io/qrdecoder/</arg>
<arg>Chrome</arg>
<doc>Opens a new browser instance to the optional ``url``.</doc>
<msg timestamp="20230308 06:01:08.727" level="INFO">Opening browser 'Chrome' to base url 'https://m28dev.github.io/qrdecoder/'.</msg>
<status status="PASS" starttime="20230308 06:01:08.725" endtime="20230308 06:01:10.198"/>
</kw>
<kw name="Maximize Browser Window" library="SeleniumLibrary">
<doc>Maximizes current browser window.</doc>
<status status="PASS" starttime="20230308 06:01:10.199" endtime="20230308 06:01:10.317"/>
</kw>
<kw name="Sleep" library="BuiltIn">
<arg>4</arg>
<doc>Pauses the test executed for the given time.</doc>
<msg timestamp="20230308 06:01:14.327" level="INFO">Slept 4 seconds</msg>
<status status="PASS" starttime="20230308 06:01:10.318" endtime="20230308 06:01:14.327"/>
</kw>
<kw name="Title Should Be" library="SeleniumLibrary">
<arg>QR Decoder demo site</arg>
<doc>Verifies that the current page title equals ``title``.</doc>
<msg timestamp="20230308 06:01:14.332" level="INFO">Page title is 'QR Decoder demo site'.</msg>
<status status="PASS" starttime="20230308 06:01:14.328" endtime="20230308 06:01:14.333"/>
</kw>
<status status="PASS" starttime="20230308 06:01:08.725" endtime="20230308 06:01:14.333"/>
</test>
<test id="s1-t3" name="TC02.03_UploadFile" line="32">
<kw name="Choose File" library="SeleniumLibrary">
<arg>id:qrcode</arg>
<arg>${qrImgPath}</arg>
<doc>Inputs the ``file_path`` into the file input field ``locator``.</doc>
<msg timestamp="20230308 06:01:14.336" level="INFO">Sending C:\Calon D\qerja\2023\Technical Test\INCIT git assignment\incitassignment_2023-03\Downloads\qr_img_1.png to browser.</msg>
<status status="PASS" starttime="20230308 06:01:14.335" endtime="20230308 06:01:14.371"/>
</kw>
<kw name="Sleep" library="BuiltIn">
<arg>3</arg>
<doc>Pauses the test executed for the given time.</doc>
<msg timestamp="20230308 06:01:17.382" level="INFO">Slept 3 seconds</msg>
<status status="PASS" starttime="20230308 06:01:14.372" endtime="20230308 06:01:17.383"/>
</kw>
<status status="PASS" starttime="20230308 06:01:14.335" endtime="20230308 06:01:17.385"/>
</test>
<test id="s1-t4" name="TC02.04_SubmitButtonClick" line="36">
<kw name="Click Button" library="SeleniumLibrary">
<arg>xpath://button[text()="Submit"]</arg>
<doc>Clicks the button identified by ``locator``.</doc>
<msg timestamp="20230308 06:01:17.393" level="INFO">Clicking button 'xpath://button[text()="Submit"]'.</msg>
<status status="PASS" starttime="20230308 06:01:17.392" endtime="20230308 06:01:17.453"/>
</kw>
<kw name="Wait Until Keyword Succeeds" library="BuiltIn">
<arg>10s</arg>
<arg>200ms</arg>
<arg>value should not be</arg>
<arg>${loadingmsg}</arg>
<doc>Runs the specified keyword and retries if it fails.</doc>
<kw name="value should not be">
<arg>${loadingmsg}</arg>
<kw name="Get Element Attribute" library="SeleniumLibrary">
<var>${actual value}</var>
<arg>id:decoded</arg>
<arg>value</arg>
<doc>Returns the value of ``attribute`` from the element ``locator``.</doc>
<msg timestamp="20230308 06:01:17.468" level="INFO">${actual value} = Now Loading...</msg>
<status status="PASS" starttime="20230308 06:01:17.455" endtime="20230308 06:01:17.468"/>
</kw>
<kw name="Should Not Be Equal As Strings" library="BuiltIn">
<arg>${actual value}</arg>
<arg>${expected}</arg>
<doc>Fails if objects are equal after converting them to strings.</doc>
<msg timestamp="20230308 06:01:17.469" level="FAIL">Now Loading... == Now Loading...</msg>
<status status="FAIL" starttime="20230308 06:01:17.468" endtime="20230308 06:01:17.469"/>
</kw>
<status status="FAIL" starttime="20230308 06:01:17.455" endtime="20230308 06:01:17.470"/>
</kw>
<kw name="value should not be">
<arg>${loadingmsg}</arg>
<kw name="Get Element Attribute" library="SeleniumLibrary">
<var>${actual value}</var>
<arg>id:decoded</arg>
<arg>value</arg>
<doc>Returns the value of ``attribute`` from the element ``locator``.</doc>
<msg timestamp="20230308 06:01:17.685" level="INFO">${actual value} = Now Loading...</msg>
<status status="PASS" starttime="20230308 06:01:17.674" endtime="20230308 06:01:17.685"/>
</kw>
<kw name="Should Not Be Equal As Strings" library="BuiltIn">
<arg>${actual value}</arg>
<arg>${expected}</arg>
<doc>Fails if objects are equal after converting them to strings.</doc>
<msg timestamp="20230308 06:01:17.686" level="FAIL">Now Loading... == Now Loading...</msg>
<status status="FAIL" starttime="20230308 06:01:17.685" endtime="20230308 06:01:17.686"/>
</kw>
<status status="FAIL" starttime="20230308 06:01:17.674" endtime="20230308 06:01:17.686"/>
</kw>
<kw name="value should not be">
<arg>${loadingmsg}</arg>
<kw name="Get Element Attribute" library="SeleniumLibrary">
<var>${actual value}</var>
<arg>id:decoded</arg>
<arg>value</arg>
<doc>Returns the value of ``attribute`` from the element ``locator``.</doc>
<msg timestamp="20230308 06:01:17.910" level="INFO">${actual value} = Now Loading...</msg>
<status status="PASS" starttime="20230308 06:01:17.895" endtime="20230308 06:01:17.910"/>
</kw>
<kw name="Should Not Be Equal As Strings" library="BuiltIn">
<arg>${actual value}</arg>
<arg>${expected}</arg>
<doc>Fails if objects are equal after converting them to strings.</doc>
<msg timestamp="20230308 06:01:17.911" level="FAIL">Now Loading... == Now Loading...</msg>
<status status="FAIL" starttime="20230308 06:01:17.910" endtime="20230308 06:01:17.911"/>
</kw>
<status status="FAIL" starttime="20230308 06:01:17.893" endtime="20230308 06:01:17.912"/>
</kw>
<kw name="value should not be">
<arg>${loadingmsg}</arg>
<kw name="Get Element Attribute" library="SeleniumLibrary">
<var>${actual value}</var>
<arg>id:decoded</arg>
<arg>value</arg>
<doc>Returns the value of ``attribute`` from the element ``locator``.</doc>
<msg timestamp="20230308 06:01:18.161" level="INFO">${actual value} = Now Loading...</msg>
<status status="PASS" starttime="20230308 06:01:18.129" endtime="20230308 06:01:18.162"/>
</kw>
<kw name="Should Not Be Equal As Strings" library="BuiltIn">
<arg>${actual value}</arg>
<arg>${expected}</arg>
<doc>Fails if objects are equal after converting them to strings.</doc>
<msg timestamp="20230308 06:01:18.164" level="FAIL">Now Loading... == Now Loading...</msg>
<status status="FAIL" starttime="20230308 06:01:18.162" endtime="20230308 06:01:18.164"/>
</kw>
<status status="FAIL" starttime="20230308 06:01:18.127" endtime="20230308 06:01:18.166"/>
</kw>
<kw name="value should not be">
<arg>${loadingmsg}</arg>
<kw name="Get Element Attribute" library="SeleniumLibrary">
<var>${actual value}</var>
<arg>id:decoded</arg>
<arg>value</arg>
<doc>Returns the value of ``attribute`` from the element ``locator``.</doc>
<msg timestamp="20230308 06:01:18.389" level="INFO">${actual value} = MECARD:N:OxieEdPXLeR;ORG:FgEjxNfxVuGq;TEL:75087557398;URL:jpijlddpostq.net;EMAIL:tmynwnyhvjgf@email.com;ADR:ypk27FX65lp0As n1AE8orZHvK9;NOTE:swXfhK7tBrpIvAaZqseSdietS;;</msg>
<status status="PASS" starttime="20230308 06:01:18.377" endtime="20230308 06:01:18.389"/>
</kw>
<kw name="Should Not Be Equal As Strings" library="BuiltIn">
<arg>${actual value}</arg>
<arg>${expected}</arg>
<doc>Fails if objects are equal after converting them to strings.</doc>
<status status="PASS" starttime="20230308 06:01:18.389" endtime="20230308 06:01:18.390"/>
</kw>
<status status="PASS" starttime="20230308 06:01:18.377" endtime="20230308 06:01:18.390"/>
</kw>
<status status="PASS" starttime="20230308 06:01:17.454" endtime="20230308 06:01:18.390"/>
</kw>
<kw name="Sleep" library="BuiltIn">
<arg>1</arg>
<doc>Pauses the test executed for the given time.</doc>
<msg timestamp="20230308 06:01:19.394" level="INFO">Slept 1 second</msg>
<status status="PASS" starttime="20230308 06:01:18.390" endtime="20230308 06:01:19.394"/>
</kw>
<status status="PASS" starttime="20230308 06:01:17.389" endtime="20230308 06:01:19.395"/>
</test>
<test id="s1-t5" name="TC02.05_ValidatingBothText" line="41">
<kw name="Get File" library="OperatingSystem">
<var>${txt_contents}</var>
<arg>${qrTxtPath}</arg>
<doc>Returns the contents of a specified file.</doc>
<msg timestamp="20230308 06:01:19.398" level="INFO" html="true">Getting file '&lt;a href="file://C:\Calon D\qerja\2023\Technical Test\INCIT git assignment\incitassignment_2023-03\Downloads\qr_text.txt"&gt;C:\Calon D\qerja\2023\Technical Test\INCIT git assignment\incitassignment_2023-03\Downloads\qr_text.txt&lt;/a&gt;'.</msg>
<msg timestamp="20230308 06:01:19.402" level="INFO">${txt_contents} = MECARD:N:OxieEdPXLeR;ORG:FgEjxNfxVuGq;TEL:75087557398;URL:jpijlddpostq.net;EMAIL:tmynwnyhvjgf@email.com;ADR:ypk27FX65lp0As n1AE8orZHvK9;NOTE:swXfhK7tBrpIvAaZqseSdietS;;</msg>
<status status="PASS" starttime="20230308 06:01:19.397" endtime="20230308 06:01:19.402"/>
</kw>
<kw name="Get Value" library="SeleniumLibrary">
<var>${decodedText}</var>
<arg>id:decoded</arg>
<doc>Returns the value attribute of the element identified by ``locator``.</doc>
<msg timestamp="20230308 06:01:19.413" level="INFO">${decodedText} = MECARD:N:OxieEdPXLeR;ORG:FgEjxNfxVuGq;TEL:75087557398;URL:jpijlddpostq.net;EMAIL:tmynwnyhvjgf@email.com;ADR:ypk27FX65lp0As n1AE8orZHvK9;NOTE:swXfhK7tBrpIvAaZqseSdietS;;</msg>
<status status="PASS" starttime="20230308 06:01:19.403" endtime="20230308 06:01:19.413"/>
</kw>
<kw name="Get Length" library="BuiltIn">
<var>${length_contents}</var>
<arg>${txt_contents}</arg>
<doc>Returns and logs the length of the given item as an integer.</doc>
<msg timestamp="20230308 06:01:19.414" level="INFO">Length is 168</msg>
<msg timestamp="20230308 06:01:19.414" level="INFO">${length_contents} = 168</msg>
<status status="PASS" starttime="20230308 06:01:19.413" endtime="20230308 06:01:19.414"/>
</kw>
<kw name="Get Length" library="BuiltIn">
<var>${length_decoded}</var>
<arg>${decodedText}</arg>
<doc>Returns and logs the length of the given item as an integer.</doc>
<msg timestamp="20230308 06:01:19.415" level="INFO">Length is 168</msg>
<msg timestamp="20230308 06:01:19.416" level="INFO">${length_decoded} = 168</msg>
<status status="PASS" starttime="20230308 06:01:19.415" endtime="20230308 06:01:19.416"/>
</kw>
<kw name="Log To Console" library="BuiltIn">
<arg>\n${txt_contents}</arg>
<doc>Logs the given message to the console.</doc>
<status status="PASS" starttime="20230308 06:01:19.416" endtime="20230308 06:01:19.418"/>
</kw>
<kw name="Log To Console" library="BuiltIn">
<arg>\n${decodedText}</arg>
<doc>Logs the given message to the console.</doc>
<status status="PASS" starttime="20230308 06:01:19.419" endtime="20230308 06:01:19.420"/>
</kw>
<kw name="Log To Console" library="BuiltIn">
<arg>\n${length_contents}</arg>
<doc>Logs the given message to the console.</doc>
<status status="PASS" starttime="20230308 06:01:19.421" endtime="20230308 06:01:19.422"/>
</kw>
<kw name="Log To Console" library="BuiltIn">
<arg>\n${length_decoded}</arg>
<doc>Logs the given message to the console.</doc>
<status status="PASS" starttime="20230308 06:01:19.422" endtime="20230308 06:01:19.423"/>
</kw>
<kw name="Should Be Equal As Strings" library="BuiltIn">
<arg>${txt_contents}</arg>
<arg>${decodedText}</arg>
<doc>Fails if objects are unequal after converting them to strings.</doc>
<status status="PASS" starttime="20230308 06:01:19.424" endtime="20230308 06:01:19.425"/>
</kw>
<status status="PASS" starttime="20230308 06:01:19.396" endtime="20230308 06:01:19.426"/>
</test>
<status status="PASS" starttime="20230308 06:01:08.485" endtime="20230308 06:01:19.428"/>
</suite>
<statistics>
<total>
<stat pass="5" fail="0" skip="0">All Tests</stat>
</total>
<tag>
</tag>
<suite>
<stat pass="5" fail="0" skip="0" id="s1" name="Tc02 Uploadtodecoder">Tc02 Uploadtodecoder</stat>
</suite>
</statistics>
<errors>
</errors>
</robot>
